C:\USERS\CLIENT7\DOCUMENTS\VISUAL STUDIO 2010\D3D\VVIP2016\RELEASE\VVIP2016.DLL
C:\USERS\CLIENT7\DOCUMENTS\VISUAL STUDIO 2010\D3D\VVIP2016\RELEASE\VVIP2016.PDB
C:\USERS\CLIENT7\DOCUMENTS\VISUAL STUDIO 2010\D3D\VVIP2016\VVIP2016\RELEASE\CBASE.OBJ
C:\USERS\CLIENT7\DOCUMENTS\VISUAL STUDIO 2010\D3D\VVIP2016\VVIP2016\RELEASE\CFONT.OBJ
C:\Users\client7\Documents\Visual Studio 2010\D3D\VVIP2016\VVIP2016\Release\cl.command.1.tlog
C:\Users\client7\Documents\Visual Studio 2010\D3D\VVIP2016\VVIP2016\Release\CL.read.1.tlog
C:\Users\client7\Documents\Visual Studio 2010\D3D\VVIP2016\VVIP2016\Release\CL.write.1.tlog
C:\USERS\CLIENT7\DOCUMENTS\VISUAL STUDIO 2010\D3D\VVIP2016\VVIP2016\RELEASE\CMENU.OBJ
C:\USERS\CLIENT7\DOCUMENTS\VISUAL STUDIO 2010\D3D\VVIP2016\VVIP2016\RELEASE\CSOUND.OBJ
C:\USERS\CLIENT7\DOCUMENTS\VISUAL STUDIO 2010\D3D\VVIP2016\VVIP2016\RELEASE\CTOOLS.OBJ
C:\Users\client7\Documents\Visual Studio 2010\D3D\VVIP2016\VVIP2016\Release\link.command.1.tlog
C:\Users\client7\Documents\Visual Studio 2010\D3D\VVIP2016\VVIP2016\Release\link.read.1.tlog
C:\Users\client7\Documents\Visual Studio 2010\D3D\VVIP2016\VVIP2016\Release\link.write.1.tlog
C:\Users\client7\Documents\Visual Studio 2010\D3D\VVIP2016\VVIP2016\Release\mt.command.1.tlog
C:\Users\client7\Documents\Visual Studio 2010\D3D\VVIP2016\VVIP2016\Release\mt.read.1.tlog
C:\Users\client7\Documents\Visual Studio 2010\D3D\VVIP2016\VVIP2016\Release\mt.write.1.tlog
C:\USERS\CLIENT7\DOCUMENTS\VISUAL STUDIO 2010\D3D\VVIP2016\VVIP2016\RELEASE\VC100.PDB
C:\USERS\CLIENT7\DOCUMENTS\VISUAL STUDIO 2010\D3D\VVIP2016\VVIP2016\RELEASE\VVIP2016.DLL.INTERMEDIATE.MANIFEST
C:\Users\client7\Documents\Visual Studio 2010\D3D\VVIP2016\VVIP2016\Release\VVIP2016.vcxprojResolveAssemblyReference.cache
C:\Users\client7\Documents\Visual Studio 2010\D3D\VVIP2016\VVIP2016\Release\VVIP2016.write.1.tlog
