Build started 1/17/2016 12:55:44 PM.
     1>Project "C:\Users\client7\Documents\Visual Studio 2010\D3D\VVIP2016\VVIP2016\VVIP2016.vcxproj" on node 2 (rebuild target(s)).
     1>_PrepareForClean:
         Deleting file "Release\VVIP2016.lastbuildstate".
       InitializeBuildStatus:
         Creating "Release\VVIP2016.unsuccessfulbuild" because "AlwaysCreate" was specified.
       ClCompile:
         C:\Program Files\Microsoft Visual Studio 10.0\VC\bin\CL.exe /c /Zi /nologo /W3 /WX- /O2 /Oi /Oy- /GL /D _WINDLL /D _MBCS /Gm- /EHsc /MD /GS /Gy /fp:precise /Zc:wchar_t /Zc:forScope /Fo"Release\\" /Fd"Release\vc100.pdb" /Gd /TP /analyze- /errorReport:prompt "..\..\..\..\..\Point Blank Garena Indonesia\CBase.cpp" "..\..\..\..\..\Point Blank Garena Indonesia\CFont.cpp" "..\..\..\..\..\Point Blank Garena Indonesia\CMenu.cpp" "..\..\..\..\..\Point Blank Garena Indonesia\CSound.cpp" "..\..\..\..\..\Point Blank Garena Indonesia\CTools.cpp"
         CBase.cpp
     1>c:\users\client7\point blank garena indonesia\Hack.h(133): warning C4309: 'argument' : truncation of constant value
     1>c:\users\client7\point blank garena indonesia\Hack.h(134): warning C4309: 'argument' : truncation of constant value
     1>c:\users\client7\point blank garena indonesia\Hack.h(135): warning C4309: 'argument' : truncation of constant value
     1>c:\users\client7\point blank garena indonesia\Hack.h(136): warning C4309: 'argument' : truncation of constant value
     1>c:\users\client7\point blank garena indonesia\Hack.h(137): warning C4309: 'argument' : truncation of constant value
     1>c:\users\client7\point blank garena indonesia\Hack.h(138): warning C4309: 'argument' : truncation of constant value
     1>c:\users\client7\point blank garena indonesia\Hack.h(139): warning C4309: 'argument' : truncation of constant value
     1>c:\users\client7\point blank garena indonesia\Hack.h(140): warning C4309: 'argument' : truncation of constant value
     1>c:\users\client7\point blank garena indonesia\Hack.h(141): warning C4309: 'argument' : truncation of constant value
     1>c:\users\client7\point blank garena indonesia\Hack.h(142): warning C4309: 'argument' : truncation of constant value
         CFont.cpp
     1>..\..\..\..\..\Point Blank Garena Indonesia\CFont.cpp(52): warning C4996: 'strcpy': This function or variable may be unsafe. Consider using strcpy_s instead. To disable deprecation, use _CRT_SECURE_NO_WARNINGS. See online help for details.
                 C:\Program Files\Microsoft Visual Studio 10.0\VC\include\string.h(105) : see declaration of 'strcpy'
         CMenu.cpp
     1>..\..\..\..\..\Point Blank Garena Indonesia\CMenu.cpp(80): warning C4996: 'sprintf': This function or variable may be unsafe. Consider using sprintf_s instead. To disable deprecation, use _CRT_SECURE_NO_WARNINGS. See online help for details.
                 C:\Program Files\Microsoft Visual Studio 10.0\VC\include\stdio.h(371) : see declaration of 'sprintf'
     1>..\..\..\..\..\Point Blank Garena Indonesia\CMenu.cpp(98): warning C4996: 'localtime': This function or variable may be unsafe. Consider using localtime_s instead. To disable deprecation, use _CRT_SECURE_NO_WARNINGS. See online help for details.
                 C:\Program Files\Microsoft Visual Studio 10.0\VC\include\time.inl(112) : see declaration of 'localtime'
     1>..\..\..\..\..\Point Blank Garena Indonesia\CMenu.cpp(100): warning C4996: 'sprintf': This function or variable may be unsafe. Consider using sprintf_s instead. To disable deprecation, use _CRT_SECURE_NO_WARNINGS. See online help for details.
                 C:\Program Files\Microsoft Visual Studio 10.0\VC\include\stdio.h(371) : see declaration of 'sprintf'
     1>..\..\..\..\..\Point Blank Garena Indonesia\CMenu.cpp(102): warning C4996: 'sprintf': This function or variable may be unsafe. Consider using sprintf_s instead. To disable deprecation, use _CRT_SECURE_NO_WARNINGS. See online help for details.
                 C:\Program Files\Microsoft Visual Studio 10.0\VC\include\stdio.h(371) : see declaration of 'sprintf'
     1>..\..\..\..\..\Point Blank Garena Indonesia\CMenu.cpp(115): warning C4996: 'localtime': This function or variable may be unsafe. Consider using localtime_s instead. To disable deprecation, use _CRT_SECURE_NO_WARNINGS. See online help for details.
                 C:\Program Files\Microsoft Visual Studio 10.0\VC\include\time.inl(112) : see declaration of 'localtime'
     1>..\..\..\..\..\Point Blank Garena Indonesia\CMenu.cpp(119): warning C4996: 'sprintf': This function or variable may be unsafe. Consider using sprintf_s instead. To disable deprecation, use _CRT_SECURE_NO_WARNINGS. See online help for details.
                 C:\Program Files\Microsoft Visual Studio 10.0\VC\include\stdio.h(371) : see declaration of 'sprintf'
     1>..\..\..\..\..\Point Blank Garena Indonesia\CMenu.cpp(133): warning C4996: '_vsnprintf': This function or variable may be unsafe. Consider using _vsnprintf_s instead. To disable deprecation, use _CRT_SECURE_NO_WARNINGS. See online help for details.
                 C:\Program Files\Microsoft Visual Studio 10.0\VC\include\stdio.h(363) : see declaration of '_vsnprintf'
     1>..\..\..\..\..\Point Blank Garena Indonesia\CMenu.cpp(145): warning C4996: 'sprintf': This function or variable may be unsafe. Consider using sprintf_s instead. To disable deprecation, use _CRT_SECURE_NO_WARNINGS. See online help for details.
                 C:\Program Files\Microsoft Visual Studio 10.0\VC\include\stdio.h(371) : see declaration of 'sprintf'
     1>..\..\..\..\..\Point Blank Garena Indonesia\CMenu.cpp(169): warning C4996: 'strcpy': This function or variable may be unsafe. Consider using strcpy_s instead. To disable deprecation, use _CRT_SECURE_NO_WARNINGS. See online help for details.
                 C:\Program Files\Microsoft Visual Studio 10.0\VC\include\string.h(105) : see declaration of 'strcpy'
     1>..\..\..\..\..\Point Blank Garena Indonesia\CMenu.cpp(254): warning C4996: 'strncpy': This function or variable may be unsafe. Consider using strncpy_s instead. To disable deprecation, use _CRT_SECURE_NO_WARNINGS. See online help for details.
                 C:\Program Files\Microsoft Visual Studio 10.0\VC\include\string.h(188) : see declaration of 'strncpy'
     1>..\..\..\..\..\Point Blank Garena Indonesia\CMenu.cpp(258): warning C4996: 'strcpy': This function or variable may be unsafe. Consider using strcpy_s instead. To disable deprecation, use _CRT_SECURE_NO_WARNINGS. See online help for details.
                 C:\Program Files\Microsoft Visual Studio 10.0\VC\include\string.h(105) : see declaration of 'strcpy'
     1>..\..\..\..\..\Point Blank Garena Indonesia\CMenu.cpp(302): warning C4244: 'initializing' : conversion from 'int' to 'float', possible loss of data
     1>..\..\..\..\..\Point Blank Garena Indonesia\CMenu.cpp(302): warning C4244: 'initializing' : conversion from 'int' to 'float', possible loss of data
     1>..\..\..\..\..\Point Blank Garena Indonesia\CMenu.cpp(302): warning C4244: 'initializing' : conversion from 'int' to 'float', possible loss of data
     1>..\..\..\..\..\Point Blank Garena Indonesia\CMenu.cpp(302): warning C4244: 'initializing' : conversion from 'int' to 'float', possible loss of data
     1>..\..\..\..\..\Point Blank Garena Indonesia\CMenu.cpp(302): warning C4244: 'initializing' : conversion from 'int' to 'float', possible loss of data
     1>..\..\..\..\..\Point Blank Garena Indonesia\CMenu.cpp(302): warning C4244: 'initializing' : conversion from 'int' to 'float', possible loss of data
     1>..\..\..\..\..\Point Blank Garena Indonesia\CMenu.cpp(302): warning C4244: 'initializing' : conversion from 'int' to 'float', possible loss of data
     1>..\..\..\..\..\Point Blank Garena Indonesia\CMenu.cpp(302): warning C4244: 'initializing' : conversion from 'int' to 'float', possible loss of data
     1>..\..\..\..\..\Point Blank Garena Indonesia\CMenu.cpp(340): warning C4996: '_vsnprintf': This function or variable may be unsafe. Consider using _vsnprintf_s instead. To disable deprecation, use _CRT_SECURE_NO_WARNINGS. See online help for details.
                 C:\Program Files\Microsoft Visual Studio 10.0\VC\include\stdio.h(363) : see declaration of '_vsnprintf'
         CSound.cpp
         CTools.cpp
     1>..\..\..\..\..\Point Blank Garena Indonesia\CTools.cpp(12): warning C4996: 'strcpy': This function or variable may be unsafe. Consider using strcpy_s instead. To disable deprecation, use _CRT_SECURE_NO_WARNINGS. See online help for details.
                 C:\Program Files\Microsoft Visual Studio 10.0\VC\include\string.h(105) : see declaration of 'strcpy'
     1>..\..\..\..\..\Point Blank Garena Indonesia\CTools.cpp(13): warning C4996: 'strcat': This function or variable may be unsafe. Consider using strcat_s instead. To disable deprecation, use _CRT_SECURE_NO_WARNINGS. See online help for details.
                 C:\Program Files\Microsoft Visual Studio 10.0\VC\include\string.h(110) : see declaration of 'strcat'
     1>..\..\..\..\..\Point Blank Garena Indonesia\CTools.cpp(26): warning C4996: 'localtime': This function or variable may be unsafe. Consider using localtime_s instead. To disable deprecation, use _CRT_SECURE_NO_WARNINGS. See online help for details.
                 C:\Program Files\Microsoft Visual Studio 10.0\VC\include\time.inl(112) : see declaration of 'localtime'
     1>..\..\..\..\..\Point Blank Garena Indonesia\CTools.cpp(28): warning C4996: 'sprintf': This function or variable may be unsafe. Consider using sprintf_s instead. To disable deprecation, use _CRT_SECURE_NO_WARNINGS. See online help for details.
                 C:\Program Files\Microsoft Visual Studio 10.0\VC\include\stdio.h(371) : see declaration of 'sprintf'
     1>..\..\..\..\..\Point Blank Garena Indonesia\CTools.cpp(31): warning C4996: '_vsnprintf': This function or variable may be unsafe. Consider using _vsnprintf_s instead. To disable deprecation, use _CRT_SECURE_NO_WARNINGS. See online help for details.
                 C:\Program Files\Microsoft Visual Studio 10.0\VC\include\stdio.h(363) : see declaration of '_vsnprintf'
     1>..\..\..\..\..\Point Blank Garena Indonesia\CTools.cpp(34): warning C4996: 'fopen': This function or variable may be unsafe. Consider using fopen_s instead. To disable deprecation, use _CRT_SECURE_NO_WARNINGS. See online help for details.
                 C:\Program Files\Microsoft Visual Studio 10.0\VC\include\stdio.h(234) : see declaration of 'fopen'
     1>..\..\..\..\..\Point Blank Garena Indonesia\CTools.cpp(75): warning C4800: 'BOOL' : forcing value to bool 'true' or 'false' (performance warning)
     1>..\..\..\..\..\Point Blank Garena Indonesia\CTools.cpp(76): warning C4800: 'BOOL' : forcing value to bool 'true' or 'false' (performance warning)
     1>..\..\..\..\..\Point Blank Garena Indonesia\CTools.cpp(96): warning C4244: 'argument' : conversion from 'int' to 'FLOAT', possible loss of data
     1>..\..\..\..\..\Point Blank Garena Indonesia\CTools.cpp(98): warning C4244: 'argument' : conversion from 'int' to 'FLOAT', possible loss of data
     1>..\..\..\..\..\Point Blank Garena Indonesia\CTools.cpp(106): warning C4244: 'initializing' : conversion from 'double' to 'float', possible loss of data
     1>..\..\..\..\..\Point Blank Garena Indonesia\CTools.cpp(119): warning C4800: 'BOOL' : forcing value to bool 'true' or 'false' (performance warning)
     1>..\..\..\..\..\Point Blank Garena Indonesia\CTools.cpp(120): warning C4800: 'BOOL' : forcing value to bool 'true' or 'false' (performance warning)
       Link:
         C:\Program Files\Microsoft Visual Studio 10.0\VC\bin\link.exe /ERRORREPORT:PROMPT /OUT:"C:\Users\client7\Documents\Visual Studio 2010\D3D\VVIP2016\Release\VVIP2016.dll" /NOLOGO kernel32.lib user32.lib gdi32.lib winspool.lib comdlg32.lib advapi32.lib shell32.lib ole32.lib oleaut32.lib uuid.lib odbc32.lib odbccp32.lib /MANIFEST /ManifestFile:"Release\VVIP2016.dll.intermediate.manifest" /MANIFESTUAC:"level='asInvoker' uiAccess='false'" /DEBUG /PDB:"C:\Users\client7\Documents\Visual Studio 2010\D3D\VVIP2016\Release\VVIP2016.pdb" /OPT:REF /OPT:ICF /LTCG /TLBID:1 /DYNAMICBASE /NXCOMPAT /IMPLIB:"C:\Users\client7\Documents\Visual Studio 2010\D3D\VVIP2016\Release\VVIP2016.lib" /MACHINE:X86 /DLL Release\CBase.obj
         Release\CFont.obj
         Release\CMenu.obj
         Release\CSound.obj
         Release\CTools.obj
         Generating code
         Finished generating code
         VVIP2016.vcxproj -> C:\Users\client7\Documents\Visual Studio 2010\D3D\VVIP2016\Release\VVIP2016.dll
       Manifest:
         C:\Program Files\Microsoft SDKs\Windows\v7.0A\bin\mt.exe /nologo /verbose /outputresource:"C:\Users\client7\Documents\Visual Studio 2010\D3D\VVIP2016\Release\VVIP2016.dll;#2" /manifest Release\VVIP2016.dll.intermediate.manifest
       FinalizeBuildStatus:
         Deleting file "Release\VVIP2016.unsuccessfulbuild".
         Touching "Release\VVIP2016.lastbuildstate".
     1>Done Building Project "C:\Users\client7\Documents\Visual Studio 2010\D3D\VVIP2016\VVIP2016\VVIP2016.vcxproj" (rebuild target(s)).

Build succeeded.

Time Elapsed 00:00:13.27
